{"total": {"lines":{"total":108,"covered":108,"skipped":0,"pct":100},"statements":{"total":116,"covered":116,"skipped":0,"pct":100},"functions":{"total":31,"covered":31,"skipped":0,"pct":100},"branches":{"total":66,"covered":66,"skipped":0,"pct":100},"branchesTrue":{"total":0,"covered":0,"skipped":0,"pct":"Unknown"}}
,"/Volumes/Hitchpin/doubloon-ts/src/Currency.ts": {"lines":{"total":40,"covered":40,"skipped":0,"pct":100},"functions":{"total":15,"covered":15,"skipped":0,"pct":100},"statements":{"total":48,"covered":48,"skipped":0,"pct":100},"branches":{"total":14,"covered":14,"skipped":0,"pct":100}}
,"/Volumes/Hitchpin/doubloon-ts/src/Doubloon.ts": {"lines":{"total":68,"covered":68,"skipped":0,"pct":100},"functions":{"total":16,"covered":16,"skipped":0,"pct":100},"statements":{"total":68,"covered":68,"skipped":0,"pct":100},"branches":{"total":52,"covered":52,"skipped":0,"pct":100}}
}
