{"total": {"lines":{"total":108,"covered":108,"skipped":0,"pct":100},"statements":{"total":114,"covered":114,"skipped":0,"pct":100},"functions":{"total":34,"covered":34,"skipped":0,"pct":100},"branches":{"total":68,"covered":68,"skipped":0,"pct":100},"branchesTrue":{"total":0,"covered":0,"skipped":0,"pct":"Unknown"}}
,"/Volumes/Hitchpin/doubloon-ts/src/Doubloon.ts": {"lines":{"total":71,"covered":71,"skipped":0,"pct":100},"functions":{"total":18,"covered":18,"skipped":0,"pct":100},"statements":{"total":71,"covered":71,"skipped":0,"pct":100},"branches":{"total":52,"covered":52,"skipped":0,"pct":100}}
,"/Volumes/Hitchpin/doubloon-ts/src/currency.ts": {"lines":{"total":37,"covered":37,"skipped":0,"pct":100},"functions":{"total":16,"covered":16,"skipped":0,"pct":100},"statements":{"total":43,"covered":43,"skipped":0,"pct":100},"branches":{"total":16,"covered":16,"skipped":0,"pct":100}}
}
